<?xml version="1.0" encoding="UTF-8"?>
<!-- Generated by org.testng.reporters.JUnitXMLReporter -->
<testsuite hostname="DESKTOP-5HFHNH1" ignored="0" name="Default test" tests="4" failures="0" timestamp="2024-03-03T15:52:57 IST" time="16.12" errors="0">
  <testcase name="testPostUser" time="4.868" classname="api.test.UserTests2"/>
  <testcase name="testGetUserByName" time="2.817" classname="api.test.UserTests2"/>
  <testcase name="testUpdateUserByName" time="5.113" classname="api.test.UserTests2"/>
  <testcase name="testDeleteUserByName" time="2.66" classname="api.test.UserTests2"/>
</testsuite> <!-- Default test -->
