<?xml version="1.0" encoding="UTF-8"?>
<!-- Generated by org.testng.reporters.JUnitXMLReporter -->
<testsuite hostname="DESKTOP-5HFHNH1" ignored="0" name="Default test" tests="3" failures="0" timestamp="2023-05-12T22:17:24 IST" time="1.667" errors="0">
  <testcase name="SingleFileUpload" time="1.547" classname="Day5.FileUploadAndDownload"/>
  <testcase name="MultipleFilesUpload" time="0.068" classname="Day5.FileUploadAndDownload"/>
  <testcase name="FileDownload" time="0.021" classname="Day5.FileUploadAndDownload"/>
</testsuite> <!-- Default test -->
