<?xml version="1.0" encoding="UTF-8"?>
<!-- Generated by org.testng.reporters.JUnitXMLReporter -->
<testsuite hostname="DESKTOP-5HFHNH1" ignored="0" name="Test2" tests="1" failures="1" timestamp="2023-05-18T20:16:50 IST" time="0.017" errors="0">
  <testcase name="test_GetUser" time="0.01" classname="Day8.Get_User">
    <failure type="java.lang.NullPointerException">
      <![CDATA[java.lang.NullPointerException
at Day8.Get_User.test_GetUser(Get_User.java:19)
at java.util.ArrayList.forEach(Unknown Source)
... Removed 27 stack frames]]>
    </failure>
  </testcase> <!-- test_GetUser -->
</testsuite> <!-- Test2 -->
