<?xml version="1.0" encoding="UTF-8"?>
<!-- Generated by org.testng.reporters.JUnitXMLReporter -->
<testsuite hostname="DESKTOP-5HFHNH1" ignored="0" name="Test3" tests="1" failures="1" timestamp="2023-05-18T20:16:50 IST" time="0.03" errors="0">
  <testcase name="testUpdateUser" time="0.028" classname="Day8.Update_user">
    <failure type="java.lang.NullPointerException">
      <![CDATA[java.lang.NullPointerException
at Day8.Update_user.testUpdateUser(Update_user.java:27)
at java.util.ArrayList.forEach(Unknown Source)
... Removed 27 stack frames]]>
    </failure>
  </testcase> <!-- testUpdateUser -->
</testsuite> <!-- Test3 -->
