<?xml version="1.0" encoding="UTF-8"?>
<!-- Generated by org.testng.reporters.JUnitXMLReporter -->
<testsuite hostname="DESKTOP-5HFHNH1" ignored="0" name="Test4" tests="1" failures="1" timestamp="2023-05-18T20:16:50 IST" time="0.003" errors="0">
  <testcase name="test_DeleteUser" time="0.001" classname="Day8.Delete_User">
    <failure type="java.lang.NullPointerException">
      <![CDATA[java.lang.NullPointerException
at Day8.Delete_User.test_DeleteUser(Delete_User.java:16)
at java.util.ArrayList.forEach(Unknown Source)
... Removed 27 stack frames]]>
    </failure>
  </testcase> <!-- test_DeleteUser -->
</testsuite> <!-- Test4 -->
