<?xml version="1.0" encoding="UTF-8"?>
<!-- Generated by org.testng.reporters.JUnitXMLReporter -->
<testsuite hostname="DESKTOP-5HFHNH1" ignored="0" name="Test" tests="4" failures="0" timestamp="2023-05-18T20:19:43 IST" time="9.749" errors="0">
  <testcase name="test_createUser" time="4.454" classname="Day8.Create_User"/>
  <testcase name="test_GetUser" time="1.563" classname="Day8.Get_User"/>
  <testcase name="testUpdateUser" time="1.744" classname="Day8.Update_user"/>
  <testcase name="test_DeleteUser" time="1.94" classname="Day8.Delete_User"/>
</testsuite> <!-- Test -->
