<?xml version="1.0" encoding="UTF-8"?>
<!-- Generated by org.testng.reporters.JUnitXMLReporter -->
<testsuite hostname="DESKTOP-5HFHNH1" ignored="0" name="Test" tests="4" failures="0" timestamp="2023-12-17T21:48:53 IST" time="12.624" errors="0">
  <testcase name="test_createUser" time="5.353" classname="Day8.Create_User"/>
  <testcase name="test_GetUser" time="2.817" classname="Day8.Get_User"/>
  <testcase name="testUpdateUser" time="2.769" classname="Day8.Update_user"/>
  <testcase name="test_DeleteUser" time="1.635" classname="Day8.Delete_User"/>
</testsuite> <!-- Test -->
