<?xml version="1.0" encoding="UTF-8"?>
<testng-results ignored="0" total="1" passed="1" failed="0" skipped="0">
  <reporter-output>
  </reporter-output>
  <suite started-at="2025-08-02T20:05:40 IST" name="Default suite" finished-at="2025-08-02T20:05:42 IST" duration-ms="2210">
    <groups>
    </groups>
    <test started-at="2025-08-02T20:05:40 IST" name="Default test" finished-at="2025-08-02T20:05:42 IST" duration-ms="2210">
      <class name="REST_ASSURED.Request">
        <test-method is-config="true" signature="setUp()[pri:0, instance:REST_ASSURED.Request@770d3326]" started-at="2025-08-02T20:05:40 IST" name="setUp" finished-at="2025-08-02T20:05:41 IST" duration-ms="653" status="PASS">
          <reporter-output>
          </reporter-output>
        </test-method> <!-- setUp -->
        <test-method signature="getRequest1()[pri:0, instance:REST_ASSURED.Request@770d3326]" started-at="2025-08-02T20:05:41 IST" name="getRequest1" finished-at="2025-08-02T20:05:42 IST" duration-ms="1525" status="PASS">
          <reporter-output>
          </reporter-output>
        </test-method> <!-- getRequest1 -->
      </class> <!-- REST_ASSURED.Request -->
    </test> <!-- Default test -->
  </suite> <!-- Default suite -->
</testng-results>
