<?xml version="1.0" encoding="UTF-8"?>
<!-- Generated by org.testng.reporters.JUnitXMLReporter -->
<testsuite hostname="DESKTOP-5HFHNH1" ignored="0" name="PetTest" tests="4" failures="0" timestamp="2023-11-23T10:05:44 IST" time="9.954" errors="0">
  <testcase name="testPostUser" time="3.274" classname="api.test.UserTests2"/>
  <testcase name="testGetUserByName" time="1.539" classname="api.test.UserTests2"/>
  <testcase name="testUpdateUserByName" time="3.005" classname="api.test.UserTests2"/>
  <testcase name="testDeleteUserByName" time="1.438" classname="api.test.UserTests2"/>
</testsuite> <!-- PetTest -->
