<?xml version="1.0" encoding="UTF-8"?>
<!-- Generated by org.testng.reporters.JUnitXMLReporter -->
<testsuite ignored="0" hostname="DESKTOP-5HFHNH1" failures="0" tests="4" name="PetTest" time="11.123" errors="0" timestamp="2024-02-17T20:34:31 IST">
  <testcase classname="api.test.UserTests2" name="testPostUser" time="4.634"/>
  <testcase classname="api.test.UserTests2" name="testGetUserByName" time="1.546"/>
  <testcase classname="api.test.UserTests2" name="testUpdateUserByName" time="2.646"/>
  <testcase classname="api.test.UserTests2" name="testDeleteUserByName" time="1.223"/>
</testsuite> <!-- PetTest -->
