<?xml version="1.0" encoding="UTF-8"?>
<!-- Generated by org.testng.reporters.JUnitXMLReporter -->
<testsuite hostname="DESKTOP-5HFHNH1" ignored="0" name="PetTest" tests="4" failures="0" timestamp="2023-05-12T19:14:21 IST" time="14.453" errors="0">
  <testcase name="testPostUser" time="4.224" classname="api.test.UserTests2"/>
  <testcase name="testGetUserByName" time="2.344" classname="api.test.UserTests2"/>
  <testcase name="testUpdateUserByName" time="4.661" classname="api.test.UserTests2"/>
  <testcase name="testDeleteUserByName" time="2.206" classname="api.test.UserTests2"/>
</testsuite> <!-- PetTest -->
