<?xml version="1.0" encoding="UTF-8"?>
<!-- Generated by org.testng.reporters.JUnitXMLReporter -->
<testsuite hostname="DESKTOP-5HFHNH1" ignored="0" name="PetTest" tests="4" failures="0" timestamp="2023-07-24T21:50:25 IST" time="55.932" errors="0">
  <testcase name="testPostUser" time="14.772" classname="api.test.UserTests2"/>
  <testcase name="testGetUserByName" time="11.095" classname="api.test.UserTests2"/>
  <testcase name="testUpdateUserByName" time="26.035" classname="api.test.UserTests2"/>
  <testcase name="testDeleteUserByName" time="3.194" classname="api.test.UserTests2"/>
</testsuite> <!-- PetTest -->
